[16:19:14] [main/INFO] [GradleStart]: No arguments specified, assuming client.
[16:19:14] [main/INFO] [GradleStart]: Extra: []
[16:19:14] [main/INFO] [GradleStart]: Running with arguments: [--userProperties, {}, --tweakClass, cpw.mods.fml.common.launcher.FMLTweaker, --accessToken, {REDACTED}, --assetIndex, 1.7.10, --assetsDir, C:/Users/Haku/.gradle/caches/minecraft/assets, --version, 1.7.10]
[16:19:14] [main/INFO] [LaunchWrapper]: Loading tweak class name cpw.mods.fml.common.launcher.FMLTweaker
[16:19:14] [main/INFO] [LaunchWrapper]: Using primary tweak class name cpw.mods.fml.common.launcher.FMLTweaker
[16:19:14] [main/INFO] [LaunchWrapper]: Calling tweak class cpw.mods.fml.common.launcher.FMLTweaker
[16:51:05] [main/INFO] [GradleStart]: No arguments specified, assuming client.
[16:51:05] [main/INFO] [GradleStart]: Extra: []
[16:51:06] [main/INFO] [GradleStart]: Running with arguments: [--userProperties, {}, --tweakClass, cpw.mods.fml.common.launcher.FMLTweaker, --accessToken, {REDACTED}, --assetIndex, 1.7.10, --assetsDir, C:/Users/Haku/.gradle/caches/minecraft/assets, --version, 1.7.10]
[16:51:06] [main/INFO] [LaunchWrapper]: Loading tweak class name cpw.mods.fml.common.launcher.FMLTweaker
[16:51:06] [main/INFO] [LaunchWrapper]: Using primary tweak class name cpw.mods.fml.common.launcher.FMLTweaker
[16:51:06] [main/INFO] [LaunchWrapper]: Calling tweak class cpw.mods.fml.common.launcher.FMLTweaker
[19:53:55] [main/INFO] [GradleStart]: No arguments specified, assuming client.
[19:53:55] [main/INFO] [GradleStart]: Extra: []
[19:53:55] [main/INFO] [GradleStart]: Running with arguments: [--userProperties, {}, --tweakClass, cpw.mods.fml.common.launcher.FMLTweaker, --accessToken, {REDACTED}, --assetIndex, 1.7.10, --assetsDir, C:/Users/Haku/.gradle/caches/minecraft/assets, --version, 1.7.10]
[19:53:55] [main/INFO] [LaunchWrapper]: Loading tweak class name cpw.mods.fml.common.launcher.FMLTweaker
[19:53:56] [main/INFO] [LaunchWrapper]: Using primary tweak class name cpw.mods.fml.common.launcher.FMLTweaker
[19:53:56] [main/INFO] [LaunchWrapper]: Calling tweak class cpw.mods.fml.common.launcher.FMLTweaker
[20:18:05] [main/INFO] [GradleStart]: No arguments specified, assuming client.
[20:18:06] [main/INFO] [GradleStart]: Extra: []
[20:18:06] [main/INFO] [GradleStart]: Running with arguments: [--userProperties, {}, --tweakClass, cpw.mods.fml.common.launcher.FMLTweaker, --accessToken, {REDACTED}, --assetIndex, 1.7.10, --assetsDir, C:/Users/Haku/.gradle/caches/minecraft/assets, --version, 1.7.10]
[20:18:06] [main/INFO] [LaunchWrapper]: Loading tweak class name cpw.mods.fml.common.launcher.FMLTweaker
[20:18:06] [main/INFO] [LaunchWrapper]: Using primary tweak class name cpw.mods.fml.common.launcher.FMLTweaker
[20:18:06] [main/INFO] [LaunchWrapper]: Calling tweak class cpw.mods.fml.common.launcher.FMLTweaker
[20:57:09] [main/INFO] [GradleStart]: No arguments specified, assuming client.
[20:57:09] [main/INFO] [GradleStart]: Extra: []
[20:57:09] [main/INFO] [GradleStart]: Running with arguments: [--userProperties, {}, --tweakClass, cpw.mods.fml.common.launcher.FMLTweaker, --accessToken, {REDACTED}, --assetIndex, 1.7.10, --assetsDir, C:/Users/Haku/.gradle/caches/minecraft/assets, --version, 1.7.10]
[20:57:09] [main/INFO] [LaunchWrapper]: Loading tweak class name cpw.mods.fml.common.launcher.FMLTweaker
[20:57:10] [main/INFO] [LaunchWrapper]: Using primary tweak class name cpw.mods.fml.common.launcher.FMLTweaker
[20:57:10] [main/INFO] [LaunchWrapper]: Calling tweak class cpw.mods.fml.common.launcher.FMLTweaker
[21:20:35] [main/INFO] [GradleStart]: No arguments specified, assuming client.
[21:20:35] [main/INFO] [GradleStart]: Extra: []
[21:20:35] [main/INFO] [GradleStart]: Running with arguments: [--userProperties, {}, --tweakClass, cpw.mods.fml.common.launcher.FMLTweaker, --accessToken, {REDACTED}, --assetIndex, 1.7.10, --assetsDir, C:/Users/Haku/.gradle/caches/minecraft/assets, --version, 1.7.10]
[21:20:36] [main/INFO] [LaunchWrapper]: Loading tweak class name cpw.mods.fml.common.launcher.FMLTweaker
[21:20:36] [main/INFO] [LaunchWrapper]: Using primary tweak class name cpw.mods.fml.common.launcher.FMLTweaker
[21:20:36] [main/INFO] [LaunchWrapper]: Calling tweak class cpw.mods.fml.common.launcher.FMLTweaker
[21:23:50] [main/INFO] [GradleStart]: No arguments specified, assuming client.
[21:23:50] [main/INFO] [GradleStart]: Extra: []
[21:23:50] [main/INFO] [GradleStart]: Running with arguments: [--userProperties, {}, --tweakClass, cpw.mods.fml.common.launcher.FMLTweaker, --accessToken, {REDACTED}, --assetIndex, 1.7.10, --assetsDir, C:/Users/Haku/.gradle/caches/minecraft/assets, --version, 1.7.10]
[21:23:50] [main/INFO] [LaunchWrapper]: Loading tweak class name cpw.mods.fml.common.launcher.FMLTweaker
[21:23:50] [main/INFO] [LaunchWrapper]: Using primary tweak class name cpw.mods.fml.common.launcher.FMLTweaker
[21:23:50] [main/INFO] [LaunchWrapper]: Calling tweak class cpw.mods.fml.common.launcher.FMLTweaker
[21:27:45] [main/INFO] [GradleStart]: No arguments specified, assuming client.
[21:27:45] [main/INFO] [GradleStart]: Extra: []
[21:27:46] [main/INFO] [GradleStart]: Running with arguments: [--userProperties, {}, --tweakClass, cpw.mods.fml.common.launcher.FMLTweaker, --accessToken, {REDACTED}, --assetIndex, 1.7.10, --assetsDir, C:/Users/Haku/.gradle/caches/minecraft/assets, --version, 1.7.10]
[21:27:46] [main/INFO] [LaunchWrapper]: Loading tweak class name cpw.mods.fml.common.launcher.FMLTweaker
[21:27:46] [main/INFO] [LaunchWrapper]: Using primary tweak class name cpw.mods.fml.common.launcher.FMLTweaker
[21:27:46] [main/INFO] [LaunchWrapper]: Calling tweak class cpw.mods.fml.common.launcher.FMLTweaker
[22:14:54] [main/INFO] [GradleStart]: No arguments specified, assuming client.
[22:14:54] [main/INFO] [GradleStart]: Extra: []
[22:14:54] [main/INFO] [GradleStart]: Running with arguments: [--userProperties, {}, --tweakClass, cpw.mods.fml.common.launcher.FMLTweaker, --accessToken, {REDACTED}, --assetIndex, 1.7.10, --assetsDir, C:/Users/Haku/.gradle/caches/minecraft/assets, --version, 1.7.10]
[22:14:55] [main/INFO] [LaunchWrapper]: Loading tweak class name cpw.mods.fml.common.launcher.FMLTweaker
[22:14:55] [main/INFO] [LaunchWrapper]: Using primary tweak class name cpw.mods.fml.common.launcher.FMLTweaker
[22:14:55] [main/INFO] [LaunchWrapper]: Calling tweak class cpw.mods.fml.common.launcher.FMLTweaker
[22:51:36] [main/INFO] [GradleStart]: No arguments specified, assuming client.
[22:51:36] [main/INFO] [GradleStart]: Extra: []
[22:51:37] [main/INFO] [GradleStart]: Running with arguments: [--userProperties, {}, --tweakClass, cpw.mods.fml.common.launcher.FMLTweaker, --accessToken, {REDACTED}, --assetIndex, 1.7.10, --assetsDir, C:/Users/Haku/.gradle/caches/minecraft/assets, --version, 1.7.10]
[22:51:37] [main/INFO] [LaunchWrapper]: Loading tweak class name cpw.mods.fml.common.launcher.FMLTweaker
[22:51:37] [main/INFO] [LaunchWrapper]: Using primary tweak class name cpw.mods.fml.common.launcher.FMLTweaker
[22:51:37] [main/INFO] [LaunchWrapper]: Calling tweak class cpw.mods.fml.common.launcher.FMLTweaker
