[22:52:04] [main/INFO]: Setting user: Player310
[22:52:11] [Client thread/INFO]: LWJGL Version: 2.9.1
[22:52:39] [Client thread/INFO]: Reloading ResourceManager: Default, FMLFileResourcePack:Forge Mod Loader, FMLFileResourcePack:Minecraft Forge, FMLFileResourcePack:Lets Mod Reboot
[22:52:42] [Sound Library Loader/INFO]: Sound engine started
[22:52:49] [Client thread/INFO]: Created: 512x256 textures/blocks-atlas
[22:52:49] [Client thread/INFO]: Created: 256x256 textures/items-atlas
[22:52:50] [Client thread/INFO]: Reloading ResourceManager: Default, FMLFileResourcePack:Forge Mod Loader, FMLFileResourcePack:Minecraft Forge, FMLFileResourcePack:Lets Mod Reboot
[22:52:50] [Client thread/INFO]: Created: 256x256 textures/items-atlas
[22:52:51] [Client thread/INFO]: Created: 512x256 textures/blocks-atlas
[22:52:52] [Sound Library Loader/INFO]: Sound engine started
[22:53:04] [Server thread/INFO]: Starting integrated minecraft server version 1.7.10
[22:53:04] [Server thread/INFO]: Generating keypair
[22:53:08] [Server thread/INFO]: Preparing start region for level 0
[22:53:10] [Server thread/INFO]: Preparing spawn area: 19%
[22:53:11] [Server thread/INFO]: Changing view distance to 2, from 10
[22:53:14] [Server thread/INFO]: Player310[local:E:e1177524] logged in with entity id 101 at (747.5, 4.0, -1249.5)
[22:53:14] [Server thread/INFO]: Player310 joined the game
[22:53:21] [Server thread/WARN]: Can't keep up! Did the system time change, or is the server overloaded? Running 8078ms behind, skipping 161 tick(s)
[22:53:30] [Client thread/INFO]: [CHAT] doDaylightCycle, doFireTick, doMobLoot, doMobSpawning, doTileDrops
[22:53:33] [Server thread/INFO]: [Player310: Game rule has been updated]
[22:53:33] [Client thread/INFO]: [CHAT] Game rule has been updated
[22:53:38] [Server thread/INFO]: [Player310: Set the time to 6000]
[22:53:38] [Client thread/INFO]: [CHAT] Set the time to 6000
[22:53:43] [Client thread/INFO]: [CHAT] LetsModReboot:flag, LetsModReboot:mapleLeaf
[22:53:44] [Server thread/INFO]: [Player310: Given [Canadian Flag of Awesomeness] * 1 to Player310]
[22:53:44] [Client thread/INFO]: [CHAT] Given [Canadian Flag of Awesomeness] * 1 to Player310
[22:54:02] [Server thread/INFO]: [Player310: Set own game mode to Adventure Mode]
[22:54:02] [Client thread/INFO]: [CHAT] Your game mode has been updated
[22:54:07] [Server thread/INFO]: [Player310: Set own game mode to Survival Mode]
[22:54:07] [Client thread/INFO]: [CHAT] Your game mode has been updated
[22:54:12] [Server thread/INFO]: [Player310: Set own game mode to Creative Mode]
[22:54:12] [Client thread/INFO]: [CHAT] Your game mode has been updated
[22:54:18] [Server thread/INFO]: Player310 has just earned the achievement [Taking Inventory]
[22:54:18] [Client thread/INFO]: [CHAT] Player310 has just earned the achievement [Taking Inventory]
[22:54:20] [Server thread/INFO]: Saving and pausing game...
[22:54:20] [Server thread/INFO]: Saving chunks for level 'New World'/Overworld
[22:54:20] [Server thread/INFO]: Saving chunks for level 'New World'/Nether
[22:54:20] [Server thread/INFO]: Saving chunks for level 'New World'/The End
[22:54:21] [Server thread/INFO]: Stopping server
[22:54:21] [Server thread/INFO]: Saving players
[22:54:21] [Server thread/INFO]: Saving worlds
[22:54:21] [Server thread/INFO]: Saving chunks for level 'New World'/Overworld
[22:54:21] [Server thread/INFO]: Saving chunks for level 'New World'/Nether
[22:54:21] [Server thread/INFO]: Saving chunks for level 'New World'/The End
[22:54:22] [Client thread/INFO]: Stopping!
